<?xml version="1.0" encoding="UTF-8"?>
<testsuite xmlns:xsi="http://www.w3.org/2001/XMLSchema-instance" xsi:noNamespaceSchemaLocation="https://maven.apache.org/surefire/maven-surefire-plugin/xsd/surefire-test-report.xsd" name="highway407.TollRouteTest" time="0.067" tests="7" errors="0" skipped="0" failures="0">
  <properties>
    <property name="java.specification.version" value="17"/>
    <property name="sun.jnu.encoding" value="UTF-8"/>
    <property name="java.class.path" value="/Users/jaiminhapani/Documents/Eclipse/Java/Highway407/target/test-classes:/Users/jaiminhapani/Documents/Eclipse/Java/Highway407/target/classes:/Users/jaiminhapani/.m2/repository/junit/junit/4.11/junit-4.11.jar:/Users/jaiminhapani/.m2/repository/org/hamcrest/hamcrest-core/1.3/hamcrest-core-1.3.jar:/Users/jaiminhapani/.m2/repository/org/json/json/20220924/json-20220924.jar:"/>
    <property name="java.vm.vendor" value="Oracle Corporation"/>
    <property name="sun.arch.data.model" value="64"/>
    <property name="java.vendor.url" value="https://java.oracle.com/"/>
    <property name="os.name" value="Mac OS X"/>
    <property name="java.vm.specification.version" value="17"/>
    <property name="sun.java.launcher" value="SUN_STANDARD"/>
    <property name="user.country" value="CA"/>
    <property name="sun.boot.library.path" value="/Library/Java/JavaVirtualMachines/jdk-17.0.2.jdk/Contents/Home/lib"/>
    <property name="sun.java.command" value="/Users/jaiminhapani/Documents/Eclipse/Java/Highway407/target/surefire/surefirebooter10798514951389938194.jar /Users/jaiminhapani/Documents/Eclipse/Java/Highway407/target/surefire 2023-02-24T21-22-49_544-jvmRun1 surefire8059304892531809601tmp surefire_011533757553137649776tmp"/>
    <property name="http.nonProxyHosts" value="local|*.local|169.254/16|*.169.254/16"/>
    <property name="jdk.debug" value="release"/>
    <property name="surefire.test.class.path" value="/Users/jaiminhapani/Documents/Eclipse/Java/Highway407/target/test-classes:/Users/jaiminhapani/Documents/Eclipse/Java/Highway407/target/classes:/Users/jaiminhapani/.m2/repository/junit/junit/4.11/junit-4.11.jar:/Users/jaiminhapani/.m2/repository/org/hamcrest/hamcrest-core/1.3/hamcrest-core-1.3.jar:/Users/jaiminhapani/.m2/repository/org/json/json/20220924/json-20220924.jar:"/>
    <property name="sun.cpu.endian" value="little"/>
    <property name="user.home" value="/Users/jaiminhapani"/>
    <property name="user.language" value="en"/>
    <property name="java.specification.vendor" value="Oracle Corporation"/>
    <property name="java.version.date" value="2022-01-18"/>
    <property name="java.home" value="/Library/Java/JavaVirtualMachines/jdk-17.0.2.jdk/Contents/Home"/>
    <property name="file.separator" value="/"/>
    <property name="style.color" value="always"/>
    <property name="basedir" value="/Users/jaiminhapani/Documents/Eclipse/Java/Highway407"/>
    <property name="java.vm.compressedOopsMode" value="Zero based"/>
    <property name="line.separator" value="&#10;"/>
    <property name="java.specification.name" value="Java Platform API Specification"/>
    <property name="java.vm.specification.vendor" value="Oracle Corporation"/>
    <property name="surefire.real.class.path" value="/Users/jaiminhapani/Documents/Eclipse/Java/Highway407/target/surefire/surefirebooter10798514951389938194.jar"/>
    <property name="sun.management.compiler" value="HotSpot 64-Bit Tiered Compilers"/>
    <property name="ftp.nonProxyHosts" value="local|*.local|169.254/16|*.169.254/16"/>
    <property name="java.runtime.version" value="17.0.2+8-LTS-86"/>
    <property name="user.name" value="jaiminhapani"/>
    <property name="path.separator" value=":"/>
    <property name="os.version" value="13.2.1"/>
    <property name="java.runtime.name" value="Java(TM) SE Runtime Environment"/>
    <property name="file.encoding" value="UTF-8"/>
    <property name="java.vm.name" value="Java HotSpot(TM) 64-Bit Server VM"/>
    <property name="localRepository" value="/Users/jaiminhapani/.m2/repository"/>
    <property name="java.vendor.url.bug" value="https://bugreport.java.com/bugreport/"/>
    <property name="java.io.tmpdir" value="/var/folders/83/xmpqh7w57psdgjtz4834zmx80000gn/T/"/>
    <property name="java.version" value="17.0.2"/>
    <property name="user.dir" value="/Users/jaiminhapani/Documents/Eclipse/Java/Highway407"/>
    <property name="os.arch" value="x86_64"/>
    <property name="java.vm.specification.name" value="Java Virtual Machine Specification"/>
    <property name="native.encoding" value="UTF-8"/>
    <property name="java.library.path" value="/Users/jaiminhapani/Library/Java/Extensions:/Library/Java/Extensions:/Network/Library/Java/Extensions:/System/Library/Java/Extensions:/usr/lib/java:."/>
    <property name="java.vm.info" value="mixed mode, sharing"/>
    <property name="java.vendor" value="Oracle Corporation"/>
    <property name="java.vm.version" value="17.0.2+8-LTS-86"/>
    <property name="sun.io.unicode.encoding" value="UnicodeBig"/>
    <property name="socksNonProxyHosts" value="local|*.local|169.254/16|*.169.254/16"/>
    <property name="java.class.version" value="61.0"/>
  </properties>
  <testcase name="testFindLocationByName" classname="highway407.TollRouteTest" time="0.005"/>
  <testcase name="test1" classname="highway407.TollRouteTest" time="0.017"/>
  <testcase name="test2" classname="highway407.TollRouteTest" time="0.004"/>
  <testcase name="test3" classname="highway407.TollRouteTest" time="0.004"/>
  <testcase name="testCostToTrip1" classname="highway407.TollRouteTest" time="0.003"/>
  <testcase name="testCostToTrip2" classname="highway407.TollRouteTest" time="0.004"/>
  <testcase name="testCostToTrip3" classname="highway407.TollRouteTest" time="0.002"/>
</testsuite>